<?xml version="1.0" encoding="UTF-8"?>
<testsuites>
  <testsuite name="Object-freezer" tests="1" assertions="5" failures="1" errors="0" time="0.023614">
    <testsuite name="StackTest" file="/home/vinicius/Object-Freezer/tests/StackTest.php" tests="1" assertions="5" failures="1" errors="0" time="0.023614">
      <testcase name="testPushAndPop" class="StackTest" file="/home/vinicius/Object-Freezer/tests/StackTest.php" line="5" assertions="5" time="0.023614">
        <failure type="PHPUnit_Framework_ExpectationFailedException">StackTest::testPushAndPop
Failed asserting that false is true.

/home/vinicius/Object-Freezer/tests/StackTest.php:13
</failure>
      </testcase>
    </testsuite>
  </testsuite>
</testsuites>
